01-19 17:49:08.567      530-530/edu.washington.ganaab.activityspy I/dalvikvm﹕ Could not find method android.view.ViewGroup.onNestedScrollAccepted, referenced from method android.support.v7.internal.widget.ActionBarOverlayLayout.onNestedScrollAccepted
01-19 17:49:08.567      530-530/edu.washington.ganaab.activityspy W/dalvikvm﹕ VFY: unable to resolve virtual method 11349: Landroid/view/ViewGroup;.onNestedScrollAccepted (Landroid/view/View;Landroid/view/View;I)V
01-19 17:49:08.567      530-530/edu.washington.ganaab.activityspy I/dalvikvm﹕ Could not find method android.view.ViewGroup.onStopNestedScroll, referenced from method android.support.v7.internal.widget.ActionBarOverlayLayout.onStopNestedScroll
01-19 17:49:08.567      530-530/edu.washington.ganaab.activityspy W/dalvikvm﹕ VFY: unable to resolve virtual method 11355: Landroid/view/ViewGroup;.onStopNestedScroll (Landroid/view/View;)V
01-19 17:49:08.567      530-530/edu.washington.ganaab.activityspy I/dalvikvm﹕ Could not find method android.view.ViewGroup.onWindowSystemUiVisibilityChanged, referenced from method android.support.v7.internal.widget.ActionBarOverlayLayout.onWindowSystemUiVisibilityChanged
01-19 17:49:08.567      530-530/edu.washington.ganaab.activityspy W/dalvikvm﹕ VFY: unable to resolve virtual method 11357: Landroid/view/ViewGroup;.onWindowSystemUiVisibilityChanged (I)V
01-19 17:49:08.567      530-530/edu.washington.ganaab.activityspy I/dalvikvm﹕ Could not find method android.support.v7.internal.widget.ActionBarOverlayLayout.stopNestedScroll, referenced from method android.support.v7.internal.widget.ActionBarOverlayLayout.setHideOnContentScrollEnabled
01-19 17:49:08.567      530-530/edu.washington.ganaab.activityspy W/dalvikvm﹕ VFY: unable to resolve virtual method 9043: Landroid/support/v7/internal/widget/ActionBarOverlayLayout;.stopNestedScroll ()V
01-19 17:49:08.668      530-530/edu.washington.ganaab.activityspy I/dalvikvm﹕ Could not find method android.view.ViewGroup.onRtlPropertiesChanged, referenced from method android.support.v7.widget.Toolbar.onRtlPropertiesChanged
01-19 17:49:08.668      530-530/edu.washington.ganaab.activityspy W/dalvikvm﹕ VFY: unable to resolve virtual method 11352: Landroid/view/ViewGroup;.onRtlPropertiesChanged (I)V
01-19 17:49:08.678      530-530/edu.washington.ganaab.activityspy I/dalvikvm﹕ Could not find method android.content.res.TypedArray.getChangingConfigurations, referenced from method android.support.v7.internal.widget.TintTypedArray.getChangingConfigurations
01-19 17:49:08.678      530-530/edu.washington.ganaab.activityspy W/dalvikvm﹕ VFY: unable to resolve virtual method 364: Landroid/content/res/TypedArray;.getChangingConfigurations ()I
01-19 17:49:08.678      530-530/edu.washington.ganaab.activityspy I/dalvikvm﹕ Could not find method android.content.res.TypedArray.getType, referenced from method android.support.v7.internal.widget.TintTypedArray.getType
01-19 17:49:08.678      530-530/edu.washington.ganaab.activityspy W/dalvikvm﹕ VFY: unable to resolve virtual method 386: Landroid/content/res/TypedArray;.getType (I)I
01-19 17:49:08.788      530-530/edu.washington.ganaab.activityspy I/MainActivity﹕ onCreate event fired: Intent { act=android.intent.action.MAIN cat=[android.intent.category.LAUNCHER] flg=0x10200000 cmp=edu.washington.ganaab.activityspy/.MainActivity }
01-19 17:49:08.788      530-530/edu.washington.ganaab.activityspy I/MainActivity﹕ onStart event fired: Intent { act=android.intent.action.MAIN cat=[android.intent.category.LAUNCHER] flg=0x10200000 cmp=edu.washington.ganaab.activityspy/.MainActivity }
01-19 17:49:08.788      530-530/edu.washington.ganaab.activityspy I/MainActivity﹕ onResume event fired: Intent { act=android.intent.action.MAIN cat=[android.intent.category.LAUNCHER] flg=0x10200000 cmp=edu.washington.ganaab.activityspy/.MainActivity }
01-19 17:49:30.468      530-530/edu.washington.ganaab.activityspy I/MainActivity﹕ onPause event fired: Intent { act=android.intent.action.MAIN cat=[android.intent.category.LAUNCHER] flg=0x10200000 cmp=edu.washington.ganaab.activityspy/.MainActivity }
01-19 17:49:31.488      530-530/edu.washington.ganaab.activityspy I/MainActivity﹕ onStop event fired: Intent { act=android.intent.action.MAIN cat=[android.intent.category.LAUNCHER] flg=0x10200000 cmp=edu.washington.ganaab.activityspy/.MainActivity }
01-19 17:49:31.488      530-530/edu.washington.ganaab.activityspy E/MainActivity﹕ We're going down, Captain!